cron ran at Mon Apr 21 01:00:01 UTC 2025
cron ran at Tue Apr 22 01:00:01 UTC 2025
cron ran at Wed Apr 23 01:00:01 UTC 2025
cron ran at Thu Apr 24 01:00:01 UTC 2025
cron ran at Fri Apr 25 01:00:02 UTC 2025
cron ran at Sat Apr 26 01:00:01 UTC 2025
cron ran at Sun Apr 27 01:00:01 UTC 2025
cron ran at Mon Apr 28 01:00:01 UTC 2025
cron ran at Tue Apr 29 01:00:01 UTC 2025
cron ran at Wed Apr 30 01:00:02 UTC 2025
cron ran at Thu May  1 01:00:02 UTC 2025
cron ran at Fri May  2 01:00:01 UTC 2025
cron ran at Sat May  3 01:00:02 UTC 2025
cron ran at Sun May  4 01:00:02 UTC 2025
cron ran at Mon May  5 01:00:01 UTC 2025
cron ran at Tue May  6 01:00:02 UTC 2025
cron ran at Wed May  7 01:00:02 UTC 2025
cron ran at Thu May  8 01:00:02 UTC 2025
cron ran at Fri May  9 01:00:02 UTC 2025
cron ran at Sat May 10 01:00:02 UTC 2025
cron ran at Sun May 11 01:00:01 UTC 2025
cron ran at Mon May 12 01:00:02 UTC 2025
cron ran at Tue May 13 01:00:01 UTC 2025
cron ran at Wed May 14 01:00:01 UTC 2025
cron ran at Thu May 15 01:00:02 UTC 2025
cron ran at Fri May 16 01:00:02 UTC 2025
cron ran at Sat May 17 01:00:01 UTC 2025
cron ran at Sun May 18 01:00:01 UTC 2025
cron ran at Mon May 19 01:00:01 UTC 2025
